Connecting to database specified by database.yml
Compiled jquery.js  (23ms)  (pid 8894)
Compiled jquery_ujs.js  (0ms)  (pid 8894)
Compiled twitter/bootstrap/bootstrap-transition.js  (0ms)  (pid 8894)
Compiled twitter/bootstrap/bootstrap-alert.js  (0ms)  (pid 8894)
Compiled twitter/bootstrap/bootstrap-modal.js  (0ms)  (pid 8894)
Compiled twitter/bootstrap/bootstrap-dropdown.js  (0ms)  (pid 8894)
Compiled twitter/bootstrap/bootstrap-scrollspy.js  (0ms)  (pid 8894)
Compiled twitter/bootstrap/bootstrap-tab.js  (0ms)  (pid 8894)
Compiled twitter/bootstrap/bootstrap-tooltip.js  (0ms)  (pid 8894)
Compiled twitter/bootstrap/bootstrap-popover.js  (0ms)  (pid 8894)
Compiled twitter/bootstrap/bootstrap-button.js  (0ms)  (pid 8894)
Compiled twitter/bootstrap/bootstrap-collapse.js  (0ms)  (pid 8894)
Compiled twitter/bootstrap/bootstrap-carousel.js  (0ms)  (pid 8894)
Compiled twitter/bootstrap/bootstrap-typeahead.js  (0ms)  (pid 8894)
Compiled twitter/bootstrap/bootstrap-affix.js  (0ms)  (pid 8894)
Compiled twitter/bootstrap.js  (54ms)  (pid 8894)
Compiled bootstrap.js  (91ms)  (pid 8894)
Compiled papers.js  (2ms)  (pid 8894)
Compiled questions.js  (1ms)  (pid 8894)
Compiled scribd_api.js  (1ms)  (pid 8894)
Compiled application.js  (205ms)  (pid 8894)
Compiled bootstrap_and_overrides.css  (2369ms)  (pid 8894)
Warning. Error encountered while saving cache /home/jelly/Sparks/tmp/cache/sass/4154d627c96f9e1c8dd8ddc58be2ef07bf92cf7d/papers.css.scssc: can't dump anonymous class #<Class:0x0000000477f728>

Compiled papers.css  (7ms)  (pid 8894)
Warning. Error encountered while saving cache /home/jelly/Sparks/tmp/cache/sass/4154d627c96f9e1c8dd8ddc58be2ef07bf92cf7d/questions.css.scssc: can't dump anonymous class #<Class:0x0000000477f728>

Compiled questions.css  (4ms)  (pid 8894)
Warning. Error encountered while saving cache /home/jelly/Sparks/tmp/cache/sass/4154d627c96f9e1c8dd8ddc58be2ef07bf92cf7d/scaffolds.css.scssc: can't dump anonymous class #<Class:0x0000000477f728>

Compiled scaffolds.css  (10ms)  (pid 8894)
Compiled application.css  (2428ms)  (pid 8894)
Connecting to database specified by database.yml
Compiled jquery.js  (6ms)  (pid 8894)
Compiled jquery_ujs.js  (0ms)  (pid 8894)
Compiled twitter/bootstrap/bootstrap-transition.js  (0ms)  (pid 8894)
Compiled twitter/bootstrap/bootstrap-alert.js  (0ms)  (pid 8894)
Compiled twitter/bootstrap/bootstrap-modal.js  (0ms)  (pid 8894)
Compiled twitter/bootstrap/bootstrap-dropdown.js  (2ms)  (pid 8894)
Compiled twitter/bootstrap/bootstrap-scrollspy.js  (0ms)  (pid 8894)
Compiled twitter/bootstrap/bootstrap-tab.js  (0ms)  (pid 8894)
Compiled twitter/bootstrap/bootstrap-tooltip.js  (0ms)  (pid 8894)
Compiled twitter/bootstrap/bootstrap-popover.js  (0ms)  (pid 8894)
Compiled twitter/bootstrap/bootstrap-button.js  (0ms)  (pid 8894)
Compiled twitter/bootstrap/bootstrap-collapse.js  (0ms)  (pid 8894)
Compiled twitter/bootstrap/bootstrap-carousel.js  (0ms)  (pid 8894)
Compiled twitter/bootstrap/bootstrap-typeahead.js  (0ms)  (pid 8894)
Compiled twitter/bootstrap/bootstrap-affix.js  (0ms)  (pid 8894)
Compiled twitter/bootstrap.js  (63ms)  (pid 8894)
Compiled bootstrap.js  (86ms)  (pid 8894)
Compiled papers.js  (1ms)  (pid 8894)
Compiled questions.js  (1ms)  (pid 8894)
Compiled scribd_api.js  (2ms)  (pid 8894)
Compiled application.js  (194ms)  (pid 8894)
Compiled bootstrap_and_overrides.css  (1716ms)  (pid 8894)
Warning. Error encountered while saving cache /home/jelly/Sparks/tmp/cache/sass/4154d627c96f9e1c8dd8ddc58be2ef07bf92cf7d/papers.css.scssc: can't dump anonymous class #<Class:0x00000003cf4ba0>

Compiled papers.css  (4ms)  (pid 8894)
Warning. Error encountered while saving cache /home/jelly/Sparks/tmp/cache/sass/4154d627c96f9e1c8dd8ddc58be2ef07bf92cf7d/questions.css.scssc: can't dump anonymous class #<Class:0x00000003cf4ba0>

Compiled questions.css  (3ms)  (pid 8894)
Warning. Error encountered while saving cache /home/jelly/Sparks/tmp/cache/sass/4154d627c96f9e1c8dd8ddc58be2ef07bf92cf7d/scaffolds.css.scssc: can't dump anonymous class #<Class:0x00000003cf4ba0>

Compiled scaffolds.css  (9ms)  (pid 8894)
Compiled application.css  (1748ms)  (pid 8894)
